<?xml version="1.0" encoding="UTF-8"?>
<!-- Generated by org.testng.reporters.JUnitReportReporter -->
<testsuite hostname="DESKTOP-LLAUDF3" failures="0" tests="4" name="testcases.Test_Case_06" time="22.963" errors="0" timestamp="2024-03-07T07:28:04 IST" skipped="0">
  <testcase classname="testcases.Test_Case_06" name="verifyTitle" time="2.152"/>
  <testcase classname="testcases.Test_Case_06" name="verifyContactPageText" time="5.908"/>
  <testcase classname="testcases.Test_Case_06" name="verifyMessage" time="4.271"/>
  <testcase classname="testcases.Test_Case_06" name="verifypgTitle" time="10.632"/>
</testsuite> <!-- testcases.Test_Case_06 -->
