<?xml version="1.0" encoding="UTF-8"?>
<!-- Generated by org.testng.reporters.JUnitReportReporter -->
<testsuite hostname="DESKTOP-LLAUDF3" failures="0" tests="3" name="testcases.Test_Case_13" time="14.199" errors="0" timestamp="2024-03-07T08:28:33 IST" skipped="0">
  <testcase classname="testcases.Test_Case_13" name="verifyTitle" time="0.062"/>
  <testcase classname="testcases.Test_Case_13" name="ClickViewProduct" time="8.866"/>
  <testcase classname="testcases.Test_Case_13" name="verifyProductQuantity" time="5.271"/>
</testsuite> <!-- testcases.Test_Case_13 -->
