<?xml version="1.0" encoding="UTF-8"?>
<!-- Generated by org.testng.reporters.JUnitReportReporter -->
<testsuite hostname="DESKTOP-LLAUDF3" failures="0" tests="7" name="testcases.Test_Case_01" time="146.067" errors="0" timestamp="2024-03-06T19:40:42 IST" skipped="0">
  <testcase classname="testcases.Test_Case_01" name="verifyUrl" time="0.057"/>
  <testcase classname="testcases.Test_Case_01" name="verifyTitle" time="0.029"/>
  <testcase classname="testcases.Test_Case_01" name="verifyNewUserTitle" time="4.208"/>
  <testcase classname="testcases.Test_Case_01" name="verifyenterAccountInfo" time="4.311"/>
  <testcase classname="testcases.Test_Case_01" name="verifyAccountCreatedText" time="22.602"/>
  <testcase classname="testcases.Test_Case_01" name="verifyLoggedinAsUsername" time="62.570"/>
  <testcase classname="testcases.Test_Case_01" name="deleteAcctText" time="52.290"/>
</testsuite> <!-- testcases.Test_Case_01 -->
