<?xml version="1.0" encoding="UTF-8"?>
<!-- Generated by org.testng.reporters.JUnitReportReporter -->
<testsuite hostname="DESKTOP-LLAUDF3" failures="0" tests="10" name="testcases.Test_Case_08" time="21.978" errors="0" timestamp="2024-03-07T07:43:27 IST" skipped="0">
  <testcase classname="testcases.Test_Case_08" name="verifyTitle" time="0.060"/>
  <testcase classname="testcases.Test_Case_08" name="verifyProductsTitle" time="15.325"/>
  <testcase classname="testcases.Test_Case_08" name="productsNo" time="0.090"/>
  <testcase classname="testcases.Test_Case_08" name="productsDetailsTitle" time="4.691"/>
  <testcase classname="testcases.Test_Case_08" name="verifyProductName" time="0.939"/>
  <testcase classname="testcases.Test_Case_08" name="verifyProductCatelog" time="0.124"/>
  <testcase classname="testcases.Test_Case_08" name="verifyProductPrice" time="0.153"/>
  <testcase classname="testcases.Test_Case_08" name="verifyProductAvl" time="0.311"/>
  <testcase classname="testcases.Test_Case_08" name="verifyProductCondition" time="0.109"/>
  <testcase classname="testcases.Test_Case_08" name="verifyProductBrand" time="0.176"/>
</testsuite> <!-- testcases.Test_Case_08 -->
