<?xml version="1.0" encoding="UTF-8"?>
<!-- Generated by org.testng.reporters.JUnitReportReporter -->
<testsuite hostname="DESKTOP-LLAUDF3" failures="0" tests="9" name="testcases.Test_Case_20" time="54.409" errors="0" timestamp="2024-03-07T15:26:03 IST" skipped="0">
  <testcase classname="testcases.Test_Case_20" name="clickProducts" time="24.345"/>
  <testcase classname="testcases.Test_Case_20" name="verifyCategoryText" time="5.509"/>
  <testcase classname="testcases.Test_Case_20" name="verifyProducts" time="0.795"/>
  <testcase classname="testcases.Test_Case_20" name="addSearchedPro" time="1.438"/>
  <testcase classname="testcases.Test_Case_20" name="clickCart" time="4.959"/>
  <testcase classname="testcases.Test_Case_20" name="verifyCartAgain" time="0.156"/>
  <testcase classname="testcases.Test_Case_20" name="signUP" time="14.231"/>
  <testcase classname="testcases.Test_Case_20" name="clickCartAgain" time="2.878"/>
  <testcase classname="testcases.Test_Case_20" name="verifyCart" time="0.098"/>
</testsuite> <!-- testcases.Test_Case_20 -->
