<?xml version="1.0" encoding="UTF-8"?>
<!-- Generated by org.testng.reporters.JUnitReportReporter -->
<testsuite hostname="DESKTOP-LLAUDF3" failures="0" tests="3" name="testcases.Test_Case_11" time="4.179" errors="0" timestamp="2024-03-07T07:57:25 IST" skipped="0">
  <testcase classname="testcases.Test_Case_11" name="verifyTitle" time="0.081"/>
  <testcase classname="testcases.Test_Case_11" name="VerifySubscriptiontext" time="3.315"/>
  <testcase classname="testcases.Test_Case_11" name="VerifySuccessMsg" time="0.783"/>
</testsuite> <!-- testcases.Test_Case_11 -->
