<?xml version="1.0" encoding="UTF-8"?>
<!-- Generated by org.testng.reporters.JUnitReportReporter -->
<testsuite hostname="DESKTOP-LLAUDF3" failures="0" tests="3" name="testcases.Test_Case_03" time="18.607" errors="0" timestamp="2024-03-07T06:50:53 IST" skipped="0">
  <testcase classname="testcases.Test_Case_03" name="verifyTitle" time="4.914"/>
  <testcase classname="testcases.Test_Case_03" name="verifyLoggedInText" time="6.521"/>
  <testcase classname="testcases.Test_Case_03" name="verifyInavlidtextMessage" time="7.172"/>
</testsuite> <!-- testcases.Test_Case_03 -->
