<?xml version="1.0" encoding="UTF-8"?>
<!-- Generated by org.testng.reporters.JUnitReportReporter -->
<testsuite hostname="DESKTOP-LLAUDF3" failures="0" tests="3" name="testcases.Test_Case_18" time="13.442" errors="0" timestamp="2024-03-07T11:12:10 IST" skipped="0">
  <testcase classname="testcases.Test_Case_18" name="verifyCategoryText" time="0.491"/>
  <testcase classname="testcases.Test_Case_18" name="verifyWomenCatPageTitle" time="7.512"/>
  <testcase classname="testcases.Test_Case_18" name="verifymenCatPageTitle" time="5.439"/>
</testsuite> <!-- testcases.Test_Case_18 -->
