<?xml version="1.0" encoding="UTF-8"?>
<!-- Generated by org.testng.reporters.JUnitReportReporter -->
<testsuite hostname="DESKTOP-LLAUDF3" failures="0" tests="4" name="testcases.Test_Case_21" time="38.127" errors="0" timestamp="2024-03-07T15:43:09 IST" skipped="0">
  <testcase classname="testcases.Test_Case_21" name="verifyCategoryText" time="28.812"/>
  <testcase classname="testcases.Test_Case_21" name="viewProduct" time="4.424"/>
  <testcase classname="testcases.Test_Case_21" name="verifyReviewText" time="4.519"/>
  <testcase classname="testcases.Test_Case_21" name="verifyReviewMessage" time="0.372"/>
</testsuite> <!-- testcases.Test_Case_21 -->
