<?xml version="1.0" encoding="UTF-8"?>
<!-- Generated by org.testng.reporters.JUnitReportReporter -->
<testsuite hostname="DESKTOP-LLAUDF3" failures="0" tests="3" name="testcases.Test_Case_05" time="20.259" errors="0" timestamp="2024-03-07T07:08:11 IST" skipped="0">
  <testcase classname="testcases.Test_Case_05" name="verifyTitle" time="0.159"/>
  <testcase classname="testcases.Test_Case_05" name="verifyNewUserTitle" time="8.861"/>
  <testcase classname="testcases.Test_Case_05" name="verifyErrormsg" time="11.239"/>
</testsuite> <!-- testcases.Test_Case_05 -->
