<?xml version="1.0" encoding="UTF-8"?>
<!-- Generated by org.testng.reporters.JUnitReportReporter -->
<testsuite hostname="DESKTOP-LLAUDF3" failures="0" tests="3" name="testcases.Test_Case_10" time="3.515" errors="0" timestamp="2024-03-07T07:51:57 IST" skipped="0">
  <testcase classname="testcases.Test_Case_10" name="verifyTitle" time="1.942"/>
  <testcase classname="testcases.Test_Case_10" name="VerifySubscriptiontext" time="0.720"/>
  <testcase classname="testcases.Test_Case_10" name="VerifySuccessMsg" time="0.853"/>
</testsuite> <!-- testcases.Test_Case_10 -->
