<?xml version="1.0" encoding="UTF-8"?>
<!-- Generated by org.testng.reporters.JUnitReportReporter -->
<testsuite hostname="DESKTOP-LLAUDF3" failures="0" tests="4" name="testcases.Test_Case_26" time="2.770" errors="0" timestamp="2024-03-08T09:41:51 IST" skipped="0">
  <testcase classname="testcases.Test_Case_26" name="verifyTitle" time="0.054"/>
  <testcase classname="testcases.Test_Case_26" name="verifySub" time="0.348"/>
  <testcase classname="testcases.Test_Case_26" name="verifyScrollup" time="2.306"/>
  <testcase classname="testcases.Test_Case_26" name="verifySCrollText" time="0.062"/>
</testsuite> <!-- testcases.Test_Case_26 -->
