<?xml version="1.0" encoding="UTF-8"?>
<!-- Generated by org.testng.reporters.JUnitReportReporter -->
<testsuite hostname="DESKTOP-LLAUDF3" failures="0" tests="4" name="testcases.Test_Case_04" time="22.774" errors="0" timestamp="2024-03-07T07:00:44 IST" skipped="0">
  <testcase classname="testcases.Test_Case_04" name="verifyTitle" time="2.515"/>
  <testcase classname="testcases.Test_Case_04" name="verifyLoggedInText" time="6.730"/>
  <testcase classname="testcases.Test_Case_04" name="verifyLogin" time="8.756"/>
  <testcase classname="testcases.Test_Case_04" name="verifyNavigateto_login" time="4.773"/>
</testsuite> <!-- testcases.Test_Case_04 -->
