<?xml version="1.0" encoding="UTF-8"?>
<!-- Generated by org.testng.reporters.JUnitReportReporter -->
<testsuite hostname="DESKTOP-LLAUDF3" failures="0" tests="2" name="testcases.Test_Case_12" time="29.493" errors="0" timestamp="2024-03-07T08:03:28 IST" skipped="0">
  <testcase classname="testcases.Test_Case_12" name="verifyTitle" time="0.097"/>
  <testcase classname="testcases.Test_Case_12" name="verifyProductAdded" time="29.396"/>
</testsuite> <!-- testcases.Test_Case_12 -->
