<?xml version="1.0" encoding="UTF-8"?>
<!-- Generated by org.testng.reporters.JUnitReportReporter -->
<testsuite hostname="DESKTOP-LLAUDF3" failures="0" tests="4" name="testcases.Test_Case_02" time="32.881" errors="0" timestamp="2024-03-06T20:24:31 IST" skipped="0">
  <testcase classname="testcases.Test_Case_02" name="verifyLoggedInText" time="4.088"/>
  <testcase classname="testcases.Test_Case_02" name="login" time="23.513"/>
  <testcase classname="testcases.Test_Case_02" name="verifyLoggedinUsernameText" time="0.467"/>
  <testcase classname="testcases.Test_Case_02" name="verifyDeleteText" time="4.813"/>
</testsuite> <!-- testcases.Test_Case_02 -->
