<?xml version="1.0" encoding="UTF-8"?>
<!-- Generated by org.testng.reporters.JUnitReportReporter -->
<testsuite hostname="DESKTOP-LLAUDF3" failures="0" tests="10" name="testcases.Test_Case_16" time="79.274" errors="0" timestamp="2024-03-07T10:34:42 IST" skipped="0">
  <testcase classname="testcases.Test_Case_16" name="verifyUrl" time="0.074"/>
  <testcase classname="testcases.Test_Case_16" name="Signup" time="3.969"/>
  <testcase classname="testcases.Test_Case_16" name="enterInfo" time="10.022"/>
  <testcase classname="testcases.Test_Case_16" name="VerifyLogginTect" time="0.808"/>
  <testcase classname="testcases.Test_Case_16" name="VerifyAddtoCart" time="1.911"/>
  <testcase classname="testcases.Test_Case_16" name="cart" time="3.125"/>
  <testcase classname="testcases.Test_Case_16" name="ProceedCheckout" time="2.124"/>
  <testcase classname="testcases.Test_Case_16" name="verifyAddressDetails" time="13.542"/>
  <testcase classname="testcases.Test_Case_16" name="verifySuccessMessage" time="27.462"/>
  <testcase classname="testcases.Test_Case_16" name="deleteAccount" time="16.237"/>
</testsuite> <!-- testcases.Test_Case_16 -->
