<?xml version="1.0" encoding="UTF-8"?>
<!-- Generated by org.testng.reporters.JUnitReportReporter -->
<testsuite hostname="DESKTOP-LLAUDF3" failures="0" tests="5" name="testcases.Test_Case_09" time="21.822" errors="0" timestamp="2024-03-07T07:48:36 IST" skipped="0">
  <testcase classname="testcases.Test_Case_09" name="verifyTitle" time="0.045"/>
  <testcase classname="testcases.Test_Case_09" name="verifyProductsTitle" time="15.131"/>
  <testcase classname="testcases.Test_Case_09" name="verifySearchButton" time="1.784"/>
  <testcase classname="testcases.Test_Case_09" name="verifySearchProductText" time="4.210"/>
  <testcase classname="testcases.Test_Case_09" name="verifyProductVisiblity" time="0.652"/>
</testsuite> <!-- testcases.Test_Case_09 -->
