<?xml version="1.0" encoding="UTF-8"?>
<!-- Generated by org.testng.reporters.JUnitReportReporter -->
<testsuite hostname="DESKTOP-LLAUDF3" failures="0" tests="8" name="testcases.Test_Case_23" time="71.090" errors="0" timestamp="2024-03-07T20:07:54 IST" skipped="0">
  <testcase classname="testcases.Test_Case_23" name="verifyTitle" time="0.093"/>
  <testcase classname="testcases.Test_Case_23" name="Signup" time="4.841"/>
  <testcase classname="testcases.Test_Case_23" name="enterInfo" time="25.633"/>
  <testcase classname="testcases.Test_Case_23" name="VerifyAddtoCart" time="18.359"/>
  <testcase classname="testcases.Test_Case_23" name="cart" time="3.208"/>
  <testcase classname="testcases.Test_Case_23" name="ProceedCheckout" time="2.931"/>
  <testcase classname="testcases.Test_Case_23" name="verifyAddressDetails" time="2.161"/>
  <testcase classname="testcases.Test_Case_23" name="deleteAccount" time="13.864"/>
</testsuite> <!-- testcases.Test_Case_23 -->
