<?xml version="1.0" encoding="UTF-8"?>
<!-- Generated by org.testng.reporters.JUnitReportReporter -->
<testsuite hostname="DESKTOP-LLAUDF3" failures="0" tests="2" name="testcases.Test_Case_07" time="9.236" errors="0" timestamp="2024-03-07T07:36:54 IST" skipped="0">
  <testcase classname="testcases.Test_Case_07" name="verifyTitle" time="0.060"/>
  <testcase classname="testcases.Test_Case_07" name="verifyTestTitle" time="9.176"/>
</testsuite> <!-- testcases.Test_Case_07 -->
