<?xml version="1.0" encoding="UTF-8"?>
<!-- Generated by org.testng.reporters.JUnitReportReporter -->
<testsuite hostname="DESKTOP-LLAUDF3" failures="0" tests="2" name="testcases.Test_Case_22" time="4.644" errors="0" timestamp="2024-03-07T15:47:27 IST" skipped="0">
  <testcase classname="testcases.Test_Case_22" name="verifyCategoryText" time="0.373"/>
  <testcase classname="testcases.Test_Case_22" name="verifyCartItem" time="4.271"/>
</testsuite> <!-- testcases.Test_Case_22 -->
