<?xml version="1.0" encoding="UTF-8"?>
<!-- Generated by org.testng.reporters.JUnitReportReporter -->
<testsuite hostname="DESKTOP-LLAUDF3" failures="0" tests="3" name="testcases.Test_Case_25" time="0.883" errors="0" timestamp="2024-03-07T20:58:32 IST" skipped="0">
  <testcase classname="testcases.Test_Case_25" name="verifyUrl" time="0.058"/>
  <testcase classname="testcases.Test_Case_25" name="verifySub" time="0.315"/>
  <testcase classname="testcases.Test_Case_25" name="verifyScroll" time="0.510"/>
</testsuite> <!-- testcases.Test_Case_25 -->
